[... training logs ... (Output was truncated, but full training log is visible above up to Ep 538400)]
  -> Updated self-play snapshot & saved checkpoint to ppo_model_gen4.pt
Ep   524200 | WinRT:  59.0% | AvgLen:  7.2 | ALoss:  0.001 | CLoss:  0.491 | Ent: 0.317 | Time: 4942.2s
Ep   524400 | WinRT:  56.0% | AvgLen:  8.0 | ALoss: -0.003 | CLoss:  0.403 | Ent: 0.311 | Time: 4944.3s
Ep   524600 | WinRT:  48.0% | AvgLen:  7.9 | ALoss: -0.003 | CLoss:  0.432 | Ent: 0.304 | Time: 4946.4s
Ep   524800 | WinRT:  52.5% | AvgLen:  7.9 | ALoss:  0.003 | CLoss:  0.433 | Ent: 0.300 | Time: 4948.4s
Ep   525000 | WinRT:  48.0% | AvgLen:  8.7 | ALoss:  0.000 | CLoss:  0.362 | Ent: 0.293 | Time: 4950.7s
Ep   525200 | WinRT:  59.0% | AvgLen:  7.4 | ALoss: -0.002 | CLoss:  0.423 | Ent: 0.332 | Time: 4952.7s
Ep   525400 | WinRT:  54.0% | AvgLen:  7.6 | ALoss: -0.001 | CLoss:  0.405 | Ent: 0.327 | Time: 4954.7s
Ep   525600 | WinRT:  50.5% | AvgLen:  7.8 | ALoss: -0.005 | CLoss:  0.404 | Ent: 0.315 | Time: 4956.7s
Ep   525800 | WinRT:  58.5% | AvgLen:  8.9 | ALoss:  0.000 | CLoss:  0.357 | Ent: 0.311 | Time: 4959.0s
Ep   526000 | WinRT:  61.5% | AvgLen:  9.2 | ALoss:  0.001 | CLoss:  0.388 | Ent: 0.283 | Time: 4961.3s
  -> Updated self-play snapshot & saved checkpoint to ppo_model_gen4.pt
Ep   526200 | WinRT:  51.5% | AvgLen:  7.2 | ALoss:  0.002 | CLoss:  0.489 | Ent: 0.298 | Time: 4963.4s
Ep   526400 | WinRT:  58.0% | AvgLen:  8.2 | ALoss:  0.000 | CLoss:  0.444 | Ent: 0.305 | Time: 4965.6s
Ep   526600 | WinRT:  52.0% | AvgLen:  6.8 | ALoss:  0.000 | CLoss:  0.466 | Ent: 0.329 | Time: 4967.5s
Ep   526800 | WinRT:  54.0% | AvgLen: 10.0 | ALoss: -0.001 | CLoss:  0.309 | Ent: 0.265 | Time: 4970.1s
Ep   527000 | WinRT:  55.0% | AvgLen:  7.2 | ALoss:  0.000 | CLoss:  0.423 | Ent: 0.336 | Time: 4972.1s
Ep   527200 | WinRT:  47.0% | AvgLen:  6.8 | ALoss: -0.001 | CLoss:  0.435 | Ent: 0.336 | Time: 4974.1s
Ep   527400 | WinRT:  51.0% | AvgLen:  7.6 | ALoss: -0.002 | CLoss:  0.410 | Ent: 0.333 | Time: 4976.3s
Ep   527600 | WinRT:  56.0% | AvgLen:  9.2 | ALoss:  0.004 | CLoss:  0.321 | Ent: 0.296 | Time: 4978.8s
Ep   527800 | WinRT:  48.0% | AvgLen:  7.8 | ALoss:  0.009 | CLoss:  0.455 | Ent: 0.318 | Time: 4981.0s
Ep   528000 | WinRT:  53.0% | AvgLen:  7.3 | ALoss:  0.006 | CLoss:  0.459 | Ent: 0.326 | Time: 4983.1s
  -> Updated self-play snapshot & saved checkpoint to ppo_model_gen4.pt
Ep   528200 | WinRT:  52.0% | AvgLen:  7.2 | ALoss:  0.001 | CLoss:  0.452 | Ent: 0.317 | Time: 4985.2s
Ep   528400 | WinRT:  49.5% | AvgLen:  7.1 | ALoss:  0.000 | CLoss:  0.469 | Ent: 0.332 | Time: 4987.3s
Ep   528600 | WinRT:  52.0% | AvgLen:  7.0 | ALoss: -0.001 | CLoss:  0.488 | Ent: 0.337 | Time: 4989.4s
Ep   528800 | WinRT:  51.5% | AvgLen:  7.7 | ALoss: -0.005 | CLoss:  0.394 | Ent: 0.314 | Time: 4991.6s
Ep   529000 | WinRT:  48.0% | AvgLen:  7.4 | ALoss:  0.001 | CLoss:  0.507 | Ent: 0.331 | Time: 4993.7s
Ep   529200 | WinRT:  56.5% | AvgLen:  7.5 | ALoss: -0.000 | CLoss:  0.388 | Ent: 0.303 | Time: 4995.8s
Ep   529400 | WinRT:  54.0% | AvgLen:  7.6 | ALoss: -0.002 | CLoss:  0.421 | Ent: 0.328 | Time: 4997.7s
Ep   529600 | WinRT:  52.5% | AvgLen:  8.8 | ALoss: -0.000 | CLoss:  0.366 | Ent: 0.293 | Time: 4999.9s
Ep   529800 | WinRT:  57.5% | AvgLen:  7.6 | ALoss:  0.001 | CLoss:  0.439 | Ent: 0.317 | Time: 5001.9s
Ep   530000 | WinRT:  49.0% | AvgLen:  9.5 | ALoss:  0.001 | CLoss:  0.369 | Ent: 0.303 | Time: 5004.2s
  -> Updated self-play snapshot & saved checkpoint to ppo_model_gen4.pt
Ep   530200 | WinRT:  54.0% | AvgLen:  8.0 | ALoss:  0.001 | CLoss:  0.397 | Ent: 0.323 | Time: 5006.3s
Ep   530400 | WinRT:  52.5% | AvgLen:  7.5 | ALoss:  0.007 | CLoss:  0.440 | Ent: 0.326 | Time: 5008.3s
Ep   530600 | WinRT:  56.0% | AvgLen:  9.0 | ALoss:  0.007 | CLoss:  0.347 | Ent: 0.271 | Time: 5010.6s
Ep   530800 | WinRT:  59.5% | AvgLen:  8.1 | ALoss: -0.000 | CLoss:  0.375 | Ent: 0.309 | Time: 5012.6s
Ep   531000 | WinRT:  51.5% | AvgLen:  7.3 | ALoss:  0.003 | CLoss:  0.417 | Ent: 0.316 | Time: 5014.6s
Ep   531200 | WinRT:  48.5% | AvgLen:  7.7 | ALoss:  0.001 | CLoss:  0.386 | Ent: 0.320 | Time: 5016.6s
Ep   531400 | WinRT:  52.0% | AvgLen:  8.3 | ALoss: -0.001 | CLoss:  0.351 | Ent: 0.308 | Time: 5018.7s
Ep   531600 | WinRT:  54.5% | AvgLen:  7.1 | ALoss: -0.000 | CLoss:  0.456 | Ent: 0.311 | Time: 5020.7s
Ep   531800 | WinRT:  61.5% | AvgLen:  7.7 | ALoss:  0.000 | CLoss:  0.447 | Ent: 0.311 | Time: 5022.8s
Ep   532000 | WinRT:  52.5% | AvgLen:  7.8 | ALoss: -0.001 | CLoss:  0.441 | Ent: 0.312 | Time: 5024.9s
  -> Updated self-play snapshot & saved checkpoint to ppo_model_gen4.pt
Ep   532200 | WinRT:  54.0% | AvgLen: 12.3 | ALoss:  0.001 | CLoss:  0.263 | Ent: 0.214 | Time: 5027.7s
Ep   532400 | WinRT:  51.0% | AvgLen:  7.4 | ALoss:  0.009 | CLoss:  0.431 | Ent: 0.319 | Time: 5029.7s
Ep   532600 | WinRT:  59.5% | AvgLen: 11.8 | ALoss:  0.001 | CLoss:  0.292 | Ent: 0.236 | Time: 5032.3s
Ep   532800 | WinRT:  53.0% | AvgLen:  7.5 | ALoss:  0.000 | CLoss:  0.441 | Ent: 0.304 | Time: 5034.3s
Ep   533000 | WinRT:  56.5% | AvgLen:  9.5 | ALoss: -0.001 | CLoss:  0.301 | Ent: 0.257 | Time: 5036.6s
Ep   533200 | WinRT:  49.5% | AvgLen:  7.8 | ALoss: -0.003 | CLoss:  0.384 | Ent: 0.304 | Time: 5038.8s
Ep   533400 | WinRT:  52.5% | AvgLen:  8.1 | ALoss:  0.001 | CLoss:  0.450 | Ent: 0.322 | Time: 5040.9s
Ep   533600 | WinRT:  53.5% | AvgLen:  8.2 | ALoss: -0.003 | CLoss:  0.405 | Ent: 0.316 | Time: 5043.1s
Ep   533800 | WinRT:  54.5% | AvgLen:  8.4 | ALoss: -0.001 | CLoss:  0.395 | Ent: 0.284 | Time: 5045.3s
Ep   534000 | WinRT:  53.5% | AvgLen:  8.1 | ALoss:  0.000 | CLoss:  0.385 | Ent: 0.307 | Time: 5047.4s
  -> Updated self-play snapshot & saved checkpoint to ppo_model_gen4.pt
Ep   534200 | WinRT:  61.5% | AvgLen:  7.5 | ALoss:  0.002 | CLoss:  0.393 | Ent: 0.304 | Time: 5049.4s
Ep   534400 | WinRT:  53.5% | AvgLen:  8.0 | ALoss:  0.000 | CLoss:  0.381 | Ent: 0.294 | Time: 5051.5s
Ep   534600 | WinRT:  60.5% | AvgLen:  8.1 | ALoss:  0.003 | CLoss:  0.460 | Ent: 0.292 | Time: 5053.6s
Ep   534800 | WinRT:  55.5% | AvgLen:  7.8 | ALoss: -0.000 | CLoss:  0.427 | Ent: 0.313 | Time: 5055.8s
Ep   535000 | WinRT:  55.0% | AvgLen: 10.0 | ALoss:  0.002 | CLoss:  0.328 | Ent: 0.277 | Time: 5058.3s
Ep   535200 | WinRT:  59.5% | AvgLen:  7.8 | ALoss:  0.002 | CLoss:  0.417 | Ent: 0.306 | Time: 5060.3s
Ep   535400 | WinRT:  54.0% | AvgLen:  9.1 | ALoss:  0.000 | CLoss:  0.352 | Ent: 0.276 | Time: 5062.6s
Ep   535600 | WinRT:  54.5% | AvgLen:  7.6 | ALoss: -0.001 | CLoss:  0.425 | Ent: 0.314 | Time: 5064.6s
Ep   535800 | WinRT:  55.0% | AvgLen: 10.5 | ALoss: -0.002 | CLoss:  0.311 | Ent: 0.265 | Time: 5067.1s
Ep   536000 | WinRT:  52.0% | AvgLen:  7.5 | ALoss: -0.001 | CLoss:  0.447 | Ent: 0.328 | Time: 5069.2s
  -> Updated self-play snapshot & saved checkpoint to ppo_model_gen4.pt
Ep   536200 | WinRT:  51.5% | AvgLen:  7.6 | ALoss: -0.001 | CLoss:  0.445 | Ent: 0.318 | Time: 5071.3s
Ep   536400 | WinRT:  54.0% | AvgLen: 10.3 | ALoss:  0.001 | CLoss:  0.314 | Ent: 0.261 | Time: 5073.7s
Ep   536600 | WinRT:  51.5% | AvgLen:  7.9 | ALoss: -0.004 | CLoss:  0.413 | Ent: 0.307 | Time: 5075.8s
Ep   536800 | WinRT:  48.5% | AvgLen:  7.7 | ALoss:  0.001 | CLoss:  0.404 | Ent: 0.328 | Time: 5077.8s
Ep   537000 | WinRT:  51.5% | AvgLen:  8.5 | ALoss: -0.000 | CLoss:  0.415 | Ent: 0.316 | Time: 5079.9s
Ep   537200 | WinRT:  52.5% | AvgLen:  8.4 | ALoss: -0.001 | CLoss:  0.346 | Ent: 0.303 | Time: 5082.0s
Ep   537400 | WinRT:  48.0% | AvgLen:  8.0 | ALoss:  0.000 | CLoss:  0.468 | Ent: 0.324 | Time: 5084.0s
Ep   537600 | WinRT:  58.0% | AvgLen: 10.3 | ALoss: -0.002 | CLoss:  0.281 | Ent: 0.269 | Time: 5086.6s
Ep   537800 | WinRT:  58.0% | AvgLen:  9.0 | ALoss:  0.011 | CLoss:  0.348 | Ent: 0.283 | Time: 5088.9s
Ep   538000 | WinRT:  57.0% | AvgLen:  7.9 | ALoss:  0.002 | CLoss:  0.412 | Ent: 0.315 | Time: 5090.9s
  -> Updated self-play snapshot & saved checkpoint to ppo_model_gen4.pt
Ep   538200 | WinRT:  52.0% | AvgLen:  7.5 | ALoss: -0.002 | CLoss:  0.406 | Ent: 0.324 | Time: 5092.9s
Ep   538400 | WinRT:  48.5% | AvgLen:  7.4 | ALoss:  0.002 | CLoss:  0.430 | Ent: 0.301 | Time: 5094.9s
